[debug] [2022-08-23T12:57:17.988Z] ----------------------------------------------------------------------
[debug] [2022-08-23T12:57:17.990Z] Command:       C:\Program Files\nodejs\node.exe C:\Users\vahermih\AppData\Roaming\npm\node_modules\firebase-tools\lib\bin\firebase.js deploy
[debug] [2022-08-23T12:57:17.991Z] CLI Version:   11.7.0
[debug] [2022-08-23T12:57:17.991Z] Platform:      win32
[debug] [2022-08-23T12:57:17.991Z] Node Version:  v16.13.1
[debug] [2022-08-23T12:57:17.993Z] Time:          Tue Aug 23 2022 15:57:17 GMT+0300 (Ida-Euroopa suveaeg)
[debug] [2022-08-23T12:57:17.993Z] ----------------------------------------------------------------------
[debug] 
[debug] [2022-08-23T12:57:18.116Z] > command requires scopes: ["email","openid","https://www.googleapis.com/auth/cloudplatformprojects.readonly","https://www.googleapis.com/auth/firebase","https://www.googleapis.com/auth/cloud-platform"]
[debug] [2022-08-23T12:57:18.116Z] > authorizing via signed-in user (mihkelreact@gmail.com)
[debug] [2022-08-23T12:57:18.116Z] [iam] checking project react-08-2022 for permissions ["firebase.projects.get","firebasehosting.sites.update"]
[debug] [2022-08-23T12:57:18.119Z] > refreshing access token with scopes: []
[debug] [2022-08-23T12:57:18.122Z] >>> [apiv2][query] POST https://www.googleapis.com/oauth2/v3/token [none]
[debug] [2022-08-23T12:57:18.122Z] >>> [apiv2][body] POST https://www.googleapis.com/oauth2/v3/token [omitted]
[debug] [2022-08-23T12:57:18.481Z] <<< [apiv2][status] POST https://www.googleapis.com/oauth2/v3/token 200
[debug] [2022-08-23T12:57:18.481Z] <<< [apiv2][body] POST https://www.googleapis.com/oauth2/v3/token [omitted]
[debug] [2022-08-23T12:57:18.496Z] >>> [apiv2][query] POST https://cloudresourcemanager.googleapis.com/v1/projects/react-08-2022:testIamPermissions [none]
[debug] [2022-08-23T12:57:18.496Z] >>> [apiv2][(partial)header] POST https://cloudresourcemanager.googleapis.com/v1/projects/react-08-2022:testIamPermissions x-goog-quota-user=projects/react-08-2022
[debug] [2022-08-23T12:57:18.496Z] >>> [apiv2][body] POST https://cloudresourcemanager.googleapis.com/v1/projects/react-08-2022:testIamPermissions {"permissions":["firebase.projects.get","firebasehosting.sites.update"]}
[debug] [2022-08-23T12:57:19.613Z] <<< [apiv2][status] POST https://cloudresourcemanager.googleapis.com/v1/projects/react-08-2022:testIamPermissions 200
[debug] [2022-08-23T12:57:19.614Z] <<< [apiv2][body] POST https://cloudresourcemanager.googleapis.com/v1/projects/react-08-2022:testIamPermissions {}
[debug] [2022-08-23T12:57:19.614Z] [iam] error while checking permissions, command may fail: FirebaseError: Authorization failed. This account is missing the following required permissions on project react-08-2022:

  firebase.projects.get
  firebasehosting.sites.update
[debug] [2022-08-23T12:57:19.617Z] >>> [apiv2][query] GET https://firebase.googleapis.com/v1beta1/projects/react-08-2022 [none]
[debug] [2022-08-23T12:57:20.077Z] <<< [apiv2][status] GET https://firebase.googleapis.com/v1beta1/projects/react-08-2022 403
[debug] [2022-08-23T12:57:20.077Z] <<< [apiv2][body] GET https://firebase.googleapis.com/v1beta1/projects/react-08-2022 {"error":{"code":403,"message":"The caller does not have permission","status":"PERMISSION_DENIED"}}
[debug] [2022-08-23T12:57:20.079Z] HTTP Error: 403, The caller does not have permission
[debug] [2022-08-23T12:57:20.081Z] FirebaseError: HTTP Error: 403, The caller does not have permission
    at responseToError (C:\Users\vahermih\AppData\Roaming\npm\node_modules\firebase-tools\lib\responseToError.js:49:12)
    at RetryOperation._fn (C:\Users\vahermih\AppData\Roaming\npm\node_modules\firebase-tools\lib\apiv2.js:288:77)
    at processTicksAndRejections (node:internal/process/task_queues:96:5)
[error] 
[error] Error: Failed to get Firebase project react-08-2022. Please make sure the project exists and your account has permission to access it.
